2018-10-31 14:20:44,276 [http-nio-8080-exec-1] ERROR [c.m.d.handler.DataManagerExceptionHandler] DataManagerExceptionHandler.java:67 - 【全局异常拦截】: 异常信息 null 
2018-10-31 14:21:09,019 [http-nio-8080-exec-2] ERROR [c.m.d.handler.DataManagerExceptionHandler] DataManagerExceptionHandler.java:67 - 【全局异常拦截】: 异常信息 null 
2018-10-31 14:21:23,625 [http-nio-8080-exec-3] ERROR [c.m.d.handler.DataManagerExceptionHandler] DataManagerExceptionHandler.java:67 - 【全局异常拦截】: 异常信息 null 
2018-10-31 14:22:13,533 [http-nio-8080-exec-4] ERROR [c.m.d.handler.DataManagerExceptionHandler] DataManagerExceptionHandler.java:67 - 【全局异常拦截】: 异常信息 null 
2018-10-31 14:23:00,203 [http-nio-8080-exec-1] ERROR [c.m.d.handler.DataManagerExceptionHandler] DataManagerExceptionHandler.java:67 - 【全局异常拦截】: 异常信息 null 
2018-10-31 14:23:06,148 [http-nio-8080-exec-2] ERROR [c.m.d.handler.DataManagerExceptionHandler] DataManagerExceptionHandler.java:67 - 【全局异常拦截】: 异常信息 null 
2018-10-31 14:25:39,421 [http-nio-8080-exec-1] ERROR [c.m.d.handler.DataManagerExceptionHandler] DataManagerExceptionHandler.java:67 - 【全局异常拦截】: 异常信息 null 
2018-10-31 14:26:39,899 [http-nio-8080-exec-2] ERROR [c.m.d.handler.DataManagerExceptionHandler] DataManagerExceptionHandler.java:67 - 【全局异常拦截】: 异常信息 null 
2018-10-31 14:26:42,981 [http-nio-8080-exec-3] ERROR [c.m.d.handler.DataManagerExceptionHandler] DataManagerExceptionHandler.java:67 - 【全局异常拦截】: 异常信息 null 
2018-10-31 14:27:00,081 [http-nio-8080-exec-4] ERROR [c.m.d.handler.DataManagerExceptionHandler] DataManagerExceptionHandler.java:67 - 【全局异常拦截】: 异常信息 null 
2018-10-31 14:27:13,542 [http-nio-8080-exec-5] ERROR [c.m.d.handler.DataManagerExceptionHandler] DataManagerExceptionHandler.java:67 - 【全局异常拦截】: 异常信息 null 
2018-10-31 14:34:09,486 [http-nio-8080-exec-1] ERROR [c.m.d.handler.DataManagerExceptionHandler] DataManagerExceptionHandler.java:63 - 【全局异常拦截】DataManagerException: 状态码 8004, 异常信息 关联关系不存在 !
2018-10-31 14:49:33,246 [restartedMain] ERROR [org.springframework.boot.SpringApplication] SpringApplication.java:863 - Application run failed
org.springframework.beans.factory.UnsatisfiedDependencyException: Error creating bean with name 'methodValidationPostProcessor' defined in class path resource [org/springframework/boot/autoconfigure/validation/ValidationAutoConfiguration.class]: Unsatisfied dependency expressed through method 'methodValidationPostProcessor' parameter 0; nested exception is org.springframework.beans.factory.BeanCreationException: Error creating bean with name 'shiroFilter' defined in class path resource [com/mchz/datamanager/config/ShiroConfig.class]: Bean instantiation via factory method failed; nested exception is org.springframework.beans.BeanInstantiationException: Failed to instantiate [org.apache.shiro.spring.web.ShiroFilterFactoryBean]: Factory method 'shirFilter' threw exception; nested exception is java.lang.NullPointerException
	at org.springframework.beans.factory.support.ConstructorResolver.createArgumentArray(ConstructorResolver.java:732)
	at org.springframework.beans.factory.support.ConstructorResolver.instantiateUsingFactoryMethod(ConstructorResolver.java:474)
	at org.springframework.beans.factory.support.AbstractAutowireCapableBeanFactory.instantiateUsingFactoryMethod(AbstractAutowireCapableBeanFactory.java:1247)
	at org.springframework.beans.factory.support.AbstractAutowireCapableBeanFactory.createBeanInstance(AbstractAutowireCapableBeanFactory.java:1096)
	at org.springframework.beans.factory.support.AbstractAutowireCapableBeanFactory.doCreateBean(AbstractAutowireCapableBeanFactory.java:535)
	at org.springframework.beans.factory.support.AbstractAutowireCapableBeanFactory.createBean(AbstractAutowireCapableBeanFactory.java:495)
	at org.springframework.beans.factory.support.AbstractBeanFactory.lambda$doGetBean$0(AbstractBeanFactory.java:317)
	at org.springframework.beans.factory.support.DefaultSingletonBeanRegistry.getSingleton(DefaultSingletonBeanRegistry.java:222)
	at org.springframework.beans.factory.support.AbstractBeanFactory.doGetBean(AbstractBeanFactory.java:315)
	at org.springframework.beans.factory.support.AbstractBeanFactory.getBean(AbstractBeanFactory.java:204)
	at org.springframework.context.support.PostProcessorRegistrationDelegate.registerBeanPostProcessors(PostProcessorRegistrationDelegate.java:224)
	at org.springframework.context.support.AbstractApplicationContext.registerBeanPostProcessors(AbstractApplicationContext.java:710)
	at org.springframework.context.support.AbstractApplicationContext.refresh(AbstractApplicationContext.java:535)
	at org.springframework.boot.web.servlet.context.ServletWebServerApplicationContext.refresh(ServletWebServerApplicationContext.java:140)
	at org.springframework.boot.SpringApplication.refresh(SpringApplication.java:780)
	at org.springframework.boot.SpringApplication.refreshContext(SpringApplication.java:412)
	at org.springframework.boot.SpringApplication.run(SpringApplication.java:333)
	at org.springframework.boot.SpringApplication.run(SpringApplication.java:1277)
	at org.springframework.boot.SpringApplication.run(SpringApplication.java:1265)
	at com.mchz.datamanager.DataManagerApplication.main(DataManagerApplication.java:27)
	at sun.reflect.NativeMethodAccessorImpl.invoke0(Native Method)
	at sun.reflect.NativeMethodAccessorImpl.invoke(NativeMethodAccessorImpl.java:62)
	at sun.reflect.DelegatingMethodAccessorImpl.invoke(DelegatingMethodAccessorImpl.java:43)
	at java.lang.reflect.Method.invoke(Method.java:498)
	at org.springframework.boot.devtools.restart.RestartLauncher.run(RestartLauncher.java:49)
Caused by: org.springframework.beans.factory.BeanCreationException: Error creating bean with name 'shiroFilter' defined in class path resource [com/mchz/datamanager/config/ShiroConfig.class]: Bean instantiation via factory method failed; nested exception is org.springframework.beans.BeanInstantiationException: Failed to instantiate [org.apache.shiro.spring.web.ShiroFilterFactoryBean]: Factory method 'shirFilter' threw exception; nested exception is java.lang.NullPointerException
	at org.springframework.beans.factory.support.ConstructorResolver.instantiateUsingFactoryMethod(ConstructorResolver.java:590)
	at org.springframework.beans.factory.support.AbstractAutowireCapableBeanFactory.instantiateUsingFactoryMethod(AbstractAutowireCapableBeanFactory.java:1247)
	at org.springframework.beans.factory.support.AbstractAutowireCapableBeanFactory.createBeanInstance(AbstractAutowireCapableBeanFactory.java:1096)
	at org.springframework.beans.factory.support.AbstractAutowireCapableBeanFactory.getSingletonFactoryBeanForTypeCheck(AbstractAutowireCapableBeanFactory.java:943)
	at org.springframework.beans.factory.support.AbstractAutowireCapableBeanFactory.getTypeForFactoryBean(AbstractAutowireCapableBeanFactory.java:826)
	at org.springframework.beans.factory.support.AbstractBeanFactory.isTypeMatch(AbstractBeanFactory.java:562)
	at org.springframework.beans.factory.support.DefaultListableBeanFactory.doGetBeanNamesForType(DefaultListableBeanFactory.java:426)
	at org.springframework.beans.factory.support.DefaultListableBeanFactory.getBeanNamesForType(DefaultListableBeanFactory.java:389)
	at org.springframework.beans.factory.BeanFactoryUtils.beanNamesForTypeIncludingAncestors(BeanFactoryUtils.java:214)
	at org.springframework.beans.factory.support.DefaultListableBeanFactory.findAutowireCandidates(DefaultListableBeanFactory.java:1273)
	at org.springframework.beans.factory.support.DefaultListableBeanFactory.doResolveDependency(DefaultListableBeanFactory.java:1098)
	at org.springframework.beans.factory.support.DefaultListableBeanFactory.resolveDependency(DefaultListableBeanFactory.java:1062)
	at org.springframework.beans.factory.support.ConstructorResolver.resolveAutowiredArgument(ConstructorResolver.java:818)
	at org.springframework.beans.factory.support.ConstructorResolver.createArgumentArray(ConstructorResolver.java:724)
	... 24 common frames omitted
Caused by: org.springframework.beans.BeanInstantiationException: Failed to instantiate [org.apache.shiro.spring.web.ShiroFilterFactoryBean]: Factory method 'shirFilter' threw exception; nested exception is java.lang.NullPointerException
	at org.springframework.beans.factory.support.SimpleInstantiationStrategy.instantiate(SimpleInstantiationStrategy.java:185)
	at org.springframework.beans.factory.support.ConstructorResolver.instantiateUsingFactoryMethod(ConstructorResolver.java:582)
	... 37 common frames omitted
Caused by: java.lang.NullPointerException: null
	at com.mchz.datamanager.config.ShiroConfig.shirFilter(ShiroConfig.java:82)
	at com.mchz.datamanager.config.ShiroConfig$$EnhancerBySpringCGLIB$$fb693054.CGLIB$shirFilter$2(<generated>)
	at com.mchz.datamanager.config.ShiroConfig$$EnhancerBySpringCGLIB$$fb693054$$FastClassBySpringCGLIB$$ae91ede9.invoke(<generated>)
	at org.springframework.cglib.proxy.MethodProxy.invokeSuper(MethodProxy.java:228)
	at org.springframework.context.annotation.ConfigurationClassEnhancer$BeanMethodInterceptor.intercept(ConfigurationClassEnhancer.java:365)
	at com.mchz.datamanager.config.ShiroConfig$$EnhancerBySpringCGLIB$$fb693054.shirFilter(<generated>)
	at sun.reflect.NativeMethodAccessorImpl.invoke0(Native Method)
	at sun.reflect.NativeMethodAccessorImpl.invoke(NativeMethodAccessorImpl.java:62)
	at sun.reflect.DelegatingMethodAccessorImpl.invoke(DelegatingMethodAccessorImpl.java:43)
	at java.lang.reflect.Method.invoke(Method.java:498)
	at org.springframework.beans.factory.support.SimpleInstantiationStrategy.instantiate(SimpleInstantiationStrategy.java:154)
	... 38 common frames omitted
2018-10-31 14:52:57,785 [http-nio-8080-exec-6] ERROR [c.m.d.handler.DataManagerExceptionHandler] DataManagerExceptionHandler.java:67 - 【全局异常拦截】: 异常信息 null 
2018-10-31 14:53:22,075 [http-nio-8080-exec-3] ERROR [c.m.d.handler.DataManagerExceptionHandler] DataManagerExceptionHandler.java:67 - 【全局异常拦截】: 异常信息 null 
2018-10-31 15:05:33,674 [http-nio-8080-exec-1] ERROR [c.m.d.handler.DataManagerExceptionHandler] DataManagerExceptionHandler.java:67 - 【全局异常拦截】: 异常信息 null 
2018-10-31 15:09:25,635 [http-nio-8080-exec-2] ERROR [c.m.d.handler.DataManagerExceptionHandler] DataManagerExceptionHandler.java:67 - 【全局异常拦截】: 异常信息 null 
2018-10-31 15:21:06,491 [http-nio-8080-exec-3] ERROR [c.m.d.handler.DataManagerExceptionHandler] DataManagerExceptionHandler.java:67 - 【全局异常拦截】: 异常信息 null 
